<?xml version="1.0" encoding="UTF-8"?>
<testsuite name="InteractiveConnectionTest" tests="1" skipped="0" failures="0" errors="0" timestamp="2021-09-09T12:41:19" hostname="tsimafei-ZenBook-14-UX410UFR" time="0.546">
  <properties/>
  <testcase name="StartConnection()" classname="InteractiveConnectionTest" time="0.546"/>
  <system-out><![CDATA[]]></system-out>
  <system-err><![CDATA[]]></system-err>
</testsuite>
